2021-09-14 11:00:56 INFO  InvoiceDAOImpl:39 - Find By Code
2021-09-14 11:00:56 INFO  BaseDAOImpl:21 - connecting
2021-09-14 11:02:13 INFO  InvoiceDAOImpl:39 - Find By Code
2021-09-14 11:02:13 INFO  BaseDAOImpl:21 - connecting
2021-09-14 11:11:30 INFO  InvoiceDAOImpl:39 - Find By Code
2021-09-14 11:11:30 INFO  BaseDAOImpl:21 - connecting
2021-09-14 11:11:47 INFO  InvoiceDAOImpl:39 - Find By Code
2021-09-14 11:11:47 INFO  BaseDAOImpl:21 - connecting
2021-09-14 11:11:48 INFO  InvoiceDAOImpl:39 - Find By Code
2021-09-14 11:11:48 INFO  BaseDAOImpl:21 - connecting
2021-09-14 11:11:59 INFO  InvoiceDAOImpl:39 - Find By Code
2021-09-14 11:11:59 INFO  BaseDAOImpl:21 - connecting
2021-09-14 11:12:10 INFO  InvoiceDAOImpl:39 - Find By Code
2021-09-14 11:12:10 INFO  BaseDAOImpl:21 - connecting
2021-09-14 11:12:11 INFO  InvoiceDAOImpl:39 - Find By Code
2021-09-14 11:12:11 INFO  BaseDAOImpl:21 - connecting
2021-09-14 11:12:11 INFO  InvoiceDAOImpl:39 - Find By Code
2021-09-14 11:12:11 INFO  BaseDAOImpl:21 - connecting
2021-09-14 11:16:15 INFO  InvoiceDAOImpl:39 - Find By Code
2021-09-14 11:16:15 INFO  BaseDAOImpl:21 - connecting
2021-09-14 11:17:24 INFO  InvoiceDAOImpl:39 - Find By Code
2021-09-14 11:17:29 INFO  BaseDAOImpl:21 - connecting
2021-09-14 11:18:09 INFO  InvoiceDAOImpl:39 - Find By Code
2021-09-14 11:18:11 INFO  BaseDAOImpl:21 - connecting
2021-09-14 11:19:35 INFO  InvoiceDAOImpl:39 - Find By Code
2021-09-14 11:19:38 INFO  BaseDAOImpl:21 - connecting
2021-09-14 11:21:11 INFO  InvoiceDAOImpl:39 - Find By Code
2021-09-14 11:21:14 INFO  BaseDAOImpl:21 - connecting
2021-09-14 11:26:31 INFO  InvoiceDAOImpl:39 - Find By Code
2021-09-14 11:26:31 INFO  BaseDAOImpl:21 - connecting
2021-09-14 11:49:18 INFO  InvoiceDAOImpl:39 - Find By Code
2021-09-14 11:49:18 INFO  BaseDAOImpl:21 - connecting
2021-09-14 11:49:33 INFO  BaseDAOImpl:21 - connecting
2021-09-14 11:49:42 INFO  BaseDAOImpl:21 - connecting
2021-09-14 11:49:42 INFO  GoodsReceiptController:84 - 
2021-09-14 15:09:27 INFO  InvoiceDAOImpl:40 - Find By Code
2021-09-14 15:09:27 INFO  BaseDAOImpl:21 - connecting
2021-09-14 15:09:27 INFO  BaseDAOImpl:21 - connecting
2021-09-14 15:09:27 INFO  BaseDAOImpl:21 - connecting
2021-09-14 15:09:27 INFO  GoodsReceiptController:84 - 
2021-09-14 23:24:29 INFO  BaseDAOImpl:21 - connecting
2021-09-14 23:24:46 INFO  BaseDAOImpl:21 - connecting
2021-09-14 23:25:07 INFO  BaseDAOImpl:21 - connecting
2021-09-14 23:25:07 INFO  MenuServiceImpl:67 - show menu list
2021-09-14 23:25:07 INFO  BaseDAOImpl:21 - connecting
2021-09-14 23:25:23 INFO  HistoryController:31 - show list histories
2021-09-14 23:25:23 INFO  BaseDAOImpl:21 - connecting
2021-09-14 23:25:36 INFO  BaseDAOImpl:21 - connecting
2021-09-14 23:25:44 INFO  BaseDAOImpl:21 - connecting
2021-09-14 23:26:35 INFO  HistoryController:31 - show list histories
2021-09-14 23:26:35 INFO  BaseDAOImpl:21 - connecting
2021-09-14 23:26:41 INFO  BaseDAOImpl:21 - connecting
2021-09-14 23:29:37 INFO  BaseDAOImpl:21 - connecting
2021-09-14 23:29:59 INFO  BaseDAOImpl:21 - connecting
2021-09-14 23:29:59 ERROR BaseDAOImpl:51 - PROCEDURE inventory_management.category_finALl does not exist
2021-09-14 23:30:49 INFO  BaseDAOImpl:21 - connecting
2021-09-14 23:30:49 ERROR BaseDAOImpl:51 - PROCEDURE inventory_management.category_finALl does not exist
2021-09-14 23:30:52 INFO  BaseDAOImpl:21 - connecting
2021-09-14 23:30:52 ERROR BaseDAOImpl:51 - PROCEDURE inventory_management.category_finALl does not exist
2021-09-14 23:34:02 INFO  BaseDAOImpl:21 - connecting
2021-09-14 23:34:15 INFO  GoodsIssueController:55 - show list invoice
2021-09-14 23:34:15 INFO  InvoiceDAOImpl:48 - Find All
2021-09-14 23:34:15 INFO  BaseDAOImpl:21 - connecting
2021-09-14 23:34:26 INFO  GoodsReceiptController:58 - show list invoice
2021-09-14 23:34:26 INFO  InvoiceDAOImpl:48 - Find All
2021-09-14 23:34:26 INFO  BaseDAOImpl:21 - connecting
2021-09-14 23:40:55 INFO  GoodsReceiptController:58 - show list invoice
2021-09-14 23:40:55 INFO  InvoiceDAOImpl:48 - Find All
2021-09-14 23:40:55 INFO  BaseDAOImpl:21 - connecting
2021-09-15 00:03:32 INFO  GoodsReceiptController:58 - show list invoice
2021-09-15 00:03:32 INFO  InvoiceDAOImpl:48 - Find All
2021-09-15 00:03:32 INFO  BaseDAOImpl:21 - connecting
2021-09-15 00:05:05 INFO  GoodsReceiptController:58 - show list invoice
2021-09-15 00:05:05 INFO  InvoiceDAOImpl:48 - Find All
2021-09-15 00:05:05 INFO  BaseDAOImpl:21 - connecting
